<?xml version="1.0" encoding="UTF-8"?>
<testsuite name="student.SalaryEmployeeTest" tests="4" skipped="0" failures="0" errors="0" timestamp="2026-03-13T20:53:41.019Z" hostname="primbos-MacBook-Pro.local" time="0.019">
  <properties/>
  <testcase name="testCalculateGrossPayStandard()" classname="student.SalaryEmployeeTest" time="0.01"/>
  <testcase name="testToCSV()" classname="student.SalaryEmployeeTest" time="0.001"/>
  <testcase name="reproduceAssertionError()" classname="student.SalaryEmployeeTest" time="0.001"/>
  <testcase name="testCalculateGrossPayRounding()" classname="student.SalaryEmployeeTest" time="0.0"/>
  <system-out><![CDATA[]]></system-out>
  <system-err><![CDATA[]]></system-err>
</testsuite>
